Build started 10/12/2016 07:07:30.
     1>Project "C:\Users\Luiz\Desktop\MTP-master\Projeto_Terminado\Projeto\Projeto\Projeto\Projeto.vcxproj" on node 2 (build target(s)).
     1>InitializeBuildStatus:
         Creating "Debug\Projeto.unsuccessfulbuild" because "AlwaysCreate" was specified.
       GenerateTargetFrameworkMonikerAttribute:
       Skipping target "GenerateTargetFrameworkMonikerAttribute" because all output files are up-to-date with respect to the input files.
       ClCompile:
         All outputs are up-to-date.
         C:\Program Files (x86)\Microsoft Visual Studio 10.0\VC\bin\CL.exe /c /AI"C:\Program Files (x86)\Reference Assemblies\Microsoft\Framework\.NETFramework\v4.0" /Zi /clr:pure /nologo /W3 /WX- /Od /Oy- /D WIN32 /D _DEBUG /D _UNICODE /D UNICODE /EHa /MDd /GS /fp:precise /Zc:wchar_t /Zc:forScope /Yu"StdAfx.h" /Fp"Debug\Projeto.pch" /Fo"Debug\\" /Fd"Debug\vc100.pdb" /TP /FU"C:\Program Files (x86)\Reference Assemblies\Microsoft\Framework\.NETFramework\v4.0\System.Core.dll" /FU"C:\Program Files (x86)\Reference Assemblies\Microsoft\Framework\.NETFramework\v4.0\System.Data.dll" /FU"C:\Program Files (x86)\Reference Assemblies\Microsoft\Framework\.NETFramework\v4.0\System.dll" /FU"C:\Program Files (x86)\Reference Assemblies\Microsoft\Framework\.NETFramework\v4.0\System.Drawing.dll" /FU"C:\Program Files (x86)\Reference Assemblies\Microsoft\Framework\.NETFramework\v4.0\System.Windows.Forms.dll" /FU"C:\Program Files (x86)\Reference Assemblies\Microsoft\Framework\.NETFramework\v4.0\System.Xml.dll" /analyze- /errorReport:prompt Projeto.cpp /clr:nostdlib 
         Projeto.cpp
         All outputs are up-to-date.
       CoreResGen:
         No resources are out of date with respect to their source files. Skipping resource generation.
       ResourceCompile:
         All outputs are up-to-date.
       Link:
         C:\Program Files (x86)\Microsoft Visual Studio 10.0\VC\bin\link.exe /ERRORREPORT:PROMPT /OUT:"C:\Users\Luiz\Desktop\MTP-master\Projeto_Terminado\Projeto\Projeto\Debug\Projeto.exe" /INCREMENTAL:NO /NOLOGO /ASSEMBLYRESOURCE:Debug\Projeto.Capacitor1.resources /ASSEMBLYRESOURCE:Debug\Projeto.Capacitor2.resources /ASSEMBLYRESOURCE:Debug\Projeto.Form1.resources /ASSEMBLYRESOURCE:Debug\Projeto.potenciometro.resources /ASSEMBLYRESOURCE:Debug\Projeto.Power.resources /ASSEMBLYRESOURCE:Debug\Projeto.Resistor.resources /MANIFEST /ManifestFile:"Debug\Projeto.exe.intermediate.manifest" /MANIFESTUAC:"level='asInvoker' uiAccess='false'" /DEBUG /PDB:"C:\Users\Luiz\Desktop\MTP-master\Projeto_Terminado\Projeto\Projeto\Debug\Projeto.pdb" /ASSEMBLYDEBUG /SUBSYSTEM:WINDOWS /TLBID:1 /ENTRY:"main" /DYNAMICBASE /FIXED:NO /NXCOMPAT /MACHINE:X86 Debug\app.res
         Debug\AssemblyInfo.obj
         Debug\Capacitor1.obj
         Debug\Capacitor2.obj
         Debug\potenciometro.obj
         Debug\Power.obj
         Debug\Projeto.obj
         Debug\Resistor.obj
         Debug\stdafx.obj
         "Debug\.NETFramework,Version=v4.0.AssemblyAttributes.obj"
         Projeto.vcxproj -> C:\Users\Luiz\Desktop\MTP-master\Projeto_Terminado\Projeto\Projeto\Debug\Projeto.exe
       Manifest:
         C:\Program Files (x86)\Microsoft SDKs\Windows\v7.0A\bin\mt.exe /nologo /verbose /outputresource:"C:\Users\Luiz\Desktop\MTP-master\Projeto_Terminado\Projeto\Projeto\Debug\Projeto.exe;#1" /manifest Debug\Projeto.exe.intermediate.manifest
       FinalizeBuildStatus:
         Deleting file "Debug\Projeto.unsuccessfulbuild".
         Touching "Debug\Projeto.lastbuildstate".
     1>Done Building Project "C:\Users\Luiz\Desktop\MTP-master\Projeto_Terminado\Projeto\Projeto\Projeto\Projeto.vcxproj" (build target(s)).

Build succeeded.

Time Elapsed 00:00:01.15
